<?xml version="1.0" encoding="UTF-8"?>
<!-- Generated by org.testng.reporters.JUnitReportReporter -->
<testsuite skipped="0" hostname="DESKTOP-PPO8L1H" name="testcases.ReadDataFromPropertiesFile" tests="1" failures="0" timestamp="20 Oct 2019 04:35:20 GMT" time="0.031" errors="0">
  <testcase name="readData" time="0.031" classname="testcases.ReadDataFromPropertiesFile"/>
</testsuite> <!-- testcases.ReadDataFromPropertiesFile -->
