<?xml version="1.0" encoding="UTF-8"?>
<!-- Generated by org.testng.reporters.JUnitReportReporter -->
<testsuite skipped="0" hostname="DESKTOP-PPO8L1H" name="testcases.GoogleScreenShotUsingSelenium" tests="2" failures="0" timestamp="20 Oct 2019 05:04:47 GMT" time="17.088" errors="0">
  <testcase name="openApplication" time="16.573" classname="testcases.GoogleScreenShotUsingSelenium"/>
  <testcase name="takeScreenShot" time="0.515" classname="testcases.GoogleScreenShotUsingSelenium"/>
</testsuite> <!-- testcases.GoogleScreenShotUsingSelenium -->
