<?xml version="1.0" encoding="UTF-8"?>
<!-- Generated by org.testng.reporters.JUnitReportReporter -->
<testsuite skipped="0" hostname="DESKTOP-PPO8L1H" name="testcases.TestReddifPageObject" tests="2" failures="0" timestamp="2019-10-21T11:34:03 IST" time="3.050" errors="0">
  <testcase name="doLogin" time="1.265" classname="testcases.TestReddifPageObject"/>
  <testcase name="openApplication" time="1.785" classname="testcases.TestReddifPageObject"/>
</testsuite> <!-- testcases.TestReddifPageObject -->
