<?xml version="1.0" encoding="UTF-8"?>
<!-- Generated by org.testng.reporters.JUnitReportReporter -->
<testsuite skipped="0" hostname="DESKTOP-PPO8L1H" name="testcases.ReddifLogin" tests="3" failures="0" timestamp="19 Oct 2019 05:13:46 GMT" time="11.971" errors="0">
  <testcase name="openApplication" time="6.933" classname="testcases.ReddifLogin"/>
  <testcase name="doLogin" time="4.870" classname="testcases.ReddifLogin"/>
  <testcase name="validateLogin" time="0.168" classname="testcases.ReddifLogin"/>
</testsuite> <!-- testcases.ReddifLogin -->
