<?xml version="1.0" encoding="UTF-8"?>
<!-- Generated by org.testng.reporters.JUnitReportReporter -->
<testsuite skipped="0" hostname="DESKTOP-PPO8L1H" name="testcases.DataProviderReadDataUsingExcel" tests="5" failures="0" timestamp="20 Oct 2019 04:57:49 GMT" time="0.030" errors="0">
  <testcase name="printData" time="0.000" classname="testcases.DataProviderReadDataUsingExcel"/>
  <testcase name="printData" time="0.015" classname="testcases.DataProviderReadDataUsingExcel"/>
  <testcase name="printData" time="0.000" classname="testcases.DataProviderReadDataUsingExcel"/>
  <testcase name="printData" time="0.000" classname="testcases.DataProviderReadDataUsingExcel"/>
  <testcase name="printData" time="0.015" classname="testcases.DataProviderReadDataUsingExcel"/>
</testsuite> <!-- testcases.DataProviderReadDataUsingExcel -->
