<?xml version="1.0" encoding="UTF-8"?>
<!-- Generated by org.testng.reporters.JUnitReportReporter -->
<testsuite skipped="0" hostname="DESKTOP-PPO8L1H" name="testcases.GmailLoginAutomation" tests="3" failures="0" timestamp="19 Oct 2019 08:25:26 GMT" time="28.450" errors="0">
  <testcase name="launchApplication" time="11.289" classname="testcases.GmailLoginAutomation"/>
  <testcase name="doLogin" time="4.366" classname="testcases.GmailLoginAutomation"/>
  <testcase name="doLogout" time="12.795" classname="testcases.GmailLoginAutomation"/>
</testsuite> <!-- testcases.GmailLoginAutomation -->
