<?xml version="1.0" encoding="UTF-8"?>
<!-- Generated by org.testng.reporters.JUnitReportReporter -->
<testsuite skipped="0" hostname="DESKTOP-PPO8L1H" name="testcases.HandleMutipleWindows" tests="4" failures="0" timestamp="2019-10-23T09:08:39 IST" time="36.426" errors="0">
  <testcase name="openApplication" time="18.998" classname="testcases.HandleMutipleWindows"/>
  <testcase name="createWindows" time="0.806" classname="testcases.HandleMutipleWindows"/>
  <testcase name="handleWindowsById" time="16.494" classname="testcases.HandleMutipleWindows"/>
  <testcase name="tearDown" time="0.128" classname="testcases.HandleMutipleWindows"/>
</testsuite> <!-- testcases.HandleMutipleWindows -->
