<?xml version="1.0" encoding="UTF-8"?>
<!-- Generated by org.testng.reporters.JUnitReportReporter -->
<testsuite skipped="0" hostname="DESKTOP-PPO8L1H" name="xmltestcases.two" tests="3" failures="0" timestamp="2019-10-23T09:35:57 IST" time="0.081" errors="0">
  <testcase name="twoTest1" time="0.050" classname="xmltestcases.two"/>
  <testcase name="twoTest2" time="0.015" classname="xmltestcases.two"/>
  <testcase name="twoTest3" time="0.016" classname="xmltestcases.two"/>
</testsuite> <!-- xmltestcases.two -->
