<?xml version="1.0" encoding="UTF-8"?>
<!-- Generated by org.testng.reporters.JUnitReportReporter -->
<testsuite skipped="0" hostname="DESKTOP-PPO8L1H" name="testcases.AutomateJavaTpointDemoPage" tests="2" failures="0" timestamp="19 Oct 2019 05:55:38 GMT" time="13.980" errors="0">
  <testcase name="openApplication" time="9.199" classname="testcases.AutomateJavaTpointDemoPage"/>
  <testcase name="automateForm" time="4.781" classname="testcases.AutomateJavaTpointDemoPage"/>
</testsuite> <!-- testcases.AutomateJavaTpointDemoPage -->
