<?xml version="1.0" encoding="UTF-8"?>
<!-- Generated by org.testng.reporters.JUnitReportReporter -->
<testsuite skipped="0" hostname="DESKTOP-PPO8L1H" name="testcases.CleartripFlightAutomation" tests="2" failures="0" timestamp="20 Oct 2019 04:10:59 GMT" time="31.950" errors="0">
  <testcase name="launchApplication" time="28.042" classname="testcases.CleartripFlightAutomation"/>
  <testcase name="doEnquiry" time="3.908" classname="testcases.CleartripFlightAutomation"/>
</testsuite> <!-- testcases.CleartripFlightAutomation -->
