<?xml version="1.0" encoding="UTF-8"?>
<!-- Generated by org.testng.reporters.JUnitReportReporter -->
<testsuite skipped="0" hostname="DESKTOP-PPO8L1H" name="testcases.NaukriPortalAutomation" tests="4" failures="0" timestamp="19 Oct 2019 07:52:44 GMT" time="26.747" errors="0">
  <testcase name="launchApplication" time="15.758" classname="testcases.NaukriPortalAutomation"/>
  <testcase name="doLogin" time="1.136" classname="testcases.NaukriPortalAutomation"/>
  <testcase name="validateLogin" time="8.814" classname="testcases.NaukriPortalAutomation"/>
  <testcase name="doLogout" time="1.039" classname="testcases.NaukriPortalAutomation"/>
</testsuite> <!-- testcases.NaukriPortalAutomation -->
