<?xml version="1.0" encoding="UTF-8"?>
<!-- Generated by org.testng.reporters.JUnitReportReporter -->
<testsuite skipped="0" hostname="DESKTOP-PPO8L1H" name="testcases.SpiceJetEnquiryAutomation" tests="5" failures="0" timestamp="2019-10-21T11:10:13 IST" time="41.360" errors="0">
  <testcase name="openApplication" time="21.477" classname="testcases.SpiceJetEnquiryAutomation"/>
  <testcase name="doEnquiry" time="6.448" classname="testcases.SpiceJetEnquiryAutomation"/>
  <testcase name="selectjourneyDate" time="4.245" classname="testcases.SpiceJetEnquiryAutomation"/>
  <testcase name="selectPassanger" time="0.885" classname="testcases.SpiceJetEnquiryAutomation"/>
  <testcase name="selectCurrancyTypeAndSearchFlight" time="8.305" classname="testcases.SpiceJetEnquiryAutomation"/>
</testsuite> <!-- testcases.SpiceJetEnquiryAutomation -->
