<?xml version="1.0" encoding="UTF-8"?>
<!-- Generated by org.testng.reporters.JUnitReportReporter -->
<testsuite skipped="0" hostname="DESKTOP-PPO8L1H" name="testcases.HelloWould" tests="1" failures="0" timestamp="2019-10-23T09:28:42 IST" time="0.016" errors="0">
  <testcase name="printMessage" time="0.016" classname="testcases.HelloWould"/>
</testsuite> <!-- testcases.HelloWould -->
